# JRE version: Java(TM) SE Runtime Environment (8.0_241-b07) (build 1.8.0_241-b07)
# Java VM: Java HotSpot(TM) 64-Bit Server VM (25.241-b07 mixed mode windows-amd64 compressed oops)
Heap:
 PSYoungGen      total 147456K, used 134144K [0x00000000f5580000, 0x00000000ffc80000, 0x0000000100000000)
  eden space 134144K, 100% used [0x00000000f5580000,0x00000000fd880000,0x00000000fd880000)
  from space 13312K, 0% used [0x00000000fdc00000,0x00000000fdc00000,0x00000000fe900000)
  to   space 18432K, 60% used [0x00000000fea80000,0x00000000ff578c90,0x00000000ffc80000)
 ParOldGen       total 200192K, used 27943K [0x00000000e0000000, 0x00000000ec380000, 0x00000000f5580000)
  object space 200192K, 13% used [0x00000000e0000000,0x00000000e1b49ce8,0x00000000ec380000)
 Metaspace       used 59112K, capacity 61337K, committed 62336K, reserved 1103872K
  class space    used 8099K, capacity 8619K, committed 8832K, reserved 1048576K
GC Heap History (10 events):
Event: 5.642 GC heap after
Heap after GC invocations=10 (full 2):
 PSYoungGen      total 161792K, used 8157K [0x00000000f5580000, 0x00000000fff00000, 0x0000000100000000)
  eden space 151040K, 0% used [0x00000000f5580000,0x00000000f5580000,0x00000000fe900000)
  from space 10752K, 75% used [0x00000000ff480000,0x00000000ffc77548,0x00000000fff00000)
  to   space 11264K, 0% used [0x00000000fe900000,0x00000000fe900000,0x00000000ff400000)
 ParOldGen       total 175104K, used 15885K [0x00000000e0000000, 0x00000000eab00000, 0x00000000f5580000)
  object space 175104K, 9% used [0x00000000e0000000,0x00000000e0f83500,0x00000000eab00000)
 Metaspace       used 40059K, capacity 41311K, committed 41472K, reserved 1085440K
  class space    used 5755K, capacity 6061K, committed 6144K, reserved 1048576K
}
Event: 24.895 GC heap before
{Heap before GC invocations=11 (full 2):
 PSYoungGen      total 161792K, used 159197K [0x00000000f5580000, 0x00000000fff00000, 0x0000000100000000)
  eden space 151040K, 100% used [0x00000000f5580000,0x00000000fe900000,0x00000000fe900000)
  from space 10752K, 75% used [0x00000000ff480000,0x00000000ffc77548,0x00000000fff00000)
  to   space 11264K, 0% used [0x00000000fe900000,0x00000000fe900000,0x00000000ff400000)
 ParOldGen       total 175104K, used 15885K [0x00000000e0000000, 0x00000000eab00000, 0x00000000f5580000)
  object space 175104K, 9% used [0x00000000e0000000,0x00000000e0f83500,0x00000000eab00000)
 Metaspace       used 46388K, capacity 47971K, committed 48256K, reserved 1091584K
  class space    used 6626K, capacity 6995K, committed 7040K, reserved 1048576K
Event: 24.909 GC heap after
Heap after GC invocations=11 (full 2):
 PSYoungGen      total 162304K, used 11232K [0x00000000f5580000, 0x0000000100000000, 0x0000000100000000)
  eden space 151040K, 0% used [0x00000000f5580000,0x00000000f5580000,0x00000000fe900000)
  from space 11264K, 99% used [0x00000000fe900000,0x00000000ff3f8030,0x00000000ff400000)
  to   space 12288K, 0% used [0x00000000ff400000,0x00000000ff400000,0x0000000100000000)
 ParOldGen       total 175104K, used 20931K [0x00000000e0000000, 0x00000000eab00000, 0x00000000f5580000)
  object space 175104K, 11% used [0x00000000e0000000,0x00000000e1470ec0,0x00000000eab00000)
 Metaspace       used 46388K, capacity 47971K, committed 48256K, reserved 1091584K
  class space    used 6626K, capacity 6995K, committed 7040K, reserved 1048576K
}
Event: 300.963 GC heap before
{Heap before GC invocations=12 (full 2):
 PSYoungGen      total 162304K, used 162272K [0x00000000f5580000, 0x0000000100000000, 0x0000000100000000)
  eden space 151040K, 100% used [0x00000000f5580000,0x00000000fe900000,0x00000000fe900000)
  from space 11264K, 99% used [0x00000000fe900000,0x00000000ff3f8030,0x00000000ff400000)
  to   space 12288K, 0% used [0x00000000ff400000,0x00000000ff400000,0x0000000100000000)
 ParOldGen       total 175104K, used 20931K [0x00000000e0000000, 0x00000000eab00000, 0x00000000f5580000)
  object space 175104K, 11% used [0x00000000e0000000,0x00000000e1470ec0,0x00000000eab00000)
 Metaspace       used 54621K, capacity 56929K, committed 57088K, reserved 1097728K
  class space    used 7750K, capacity 8327K, committed 8448K, reserved 1048576K
Event: 300.985 GC heap after
Heap after GC invocations=12 (full 2):
 PSYoungGen      total 150016K, used 12264K [0x00000000f5580000, 0x0000000100000000, 0x0000000100000000)
  eden space 137728K, 0% used [0x00000000f5580000,0x00000000f5580000,0x00000000fdc00000)
  from space 12288K, 99% used [0x00000000ff400000,0x00000000ffffa050,0x0000000100000000)
  to   space 18432K, 0% used [0x00000000fdc00000,0x00000000fdc00000,0x00000000fee00000)
 ParOldGen       total 175104K, used 30264K [0x00000000e0000000, 0x00000000eab00000, 0x00000000f5580000)
  object space 175104K, 17% used [0x00000000e0000000,0x00000000e1d8e1f0,0x00000000eab00000)
 Metaspace       used 54621K, capacity 56929K, committed 57088K, reserved 1097728K
  class space    used 7750K, capacity 8327K, committed 8448K, reserved 1048576K
}
Event: 942.834 GC heap before
{Heap before GC invocations=13 (full 2):
 PSYoungGen      total 150016K, used 146091K [0x00000000f5580000, 0x0000000100000000, 0x0000000100000000)
  eden space 137728K, 97% used [0x00000000f5580000,0x00000000fd830c88,0x00000000fdc00000)
  from space 12288K, 99% used [0x00000000ff400000,0x00000000ffffa050,0x0000000100000000)
  to   space 18432K, 0% used [0x00000000fdc00000,0x00000000fdc00000,0x00000000fee00000)
 ParOldGen       total 175104K, used 30264K [0x00000000e0000000, 0x00000000eab00000, 0x00000000f5580000)
  object space 175104K, 17% used [0x00000000e0000000,0x00000000e1d8e1f0,0x00000000eab00000)
 Metaspace       used 56382K, capacity 58919K, committed 59008K, reserved 1099776K
  class space    used 7890K, capacity 8542K, committed 8576K, reserved 1048576K
Event: 942.856 GC heap after
Heap after GC invocations=13 (full 2):
 PSYoungGen      total 147456K, used 13203K [0x00000000f5580000, 0x00000000ffc80000, 0x0000000100000000)
  eden space 134144K, 0% used [0x00000000f5580000,0x00000000f5580000,0x00000000fd880000)
  from space 13312K, 99% used [0x00000000fdc00000,0x00000000fe8e4c50,0x00000000fe900000)
  to   space 18432K, 0% used [0x00000000fea80000,0x00000000fea80000,0x00000000ffc80000)
 ParOldGen       total 175104K, used 38834K [0x00000000e0000000, 0x00000000eab00000, 0x00000000f5580000)
  object space 175104K, 22% used [0x00000000e0000000,0x00000000e25ecb00,0x00000000eab00000)
 Metaspace       used 56382K, capacity 58919K, committed 59008K, reserved 1099776K
  class space    used 7890K, capacity 8542K, committed 8576K, reserved 1048576K
}
Event: 942.856 GC heap before
{Heap before GC invocations=14 (full 3):
 PSYoungGen      total 147456K, used 13203K [0x00000000f5580000, 0x00000000ffc80000, 0x0000000100000000)
  eden space 134144K, 0% used [0x00000000f5580000,0x00000000f5580000,0x00000000fd880000)
  from space 13312K, 99% used [0x00000000fdc00000,0x00000000fe8e4c50,0x00000000fe900000)
  to   space 18432K, 0% used [0x00000000fea80000,0x00000000fea80000,0x00000000ffc80000)
 ParOldGen       total 175104K, used 38834K [0x00000000e0000000, 0x00000000eab00000, 0x00000000f5580000)
  object space 175104K, 22% used [0x00000000e0000000,0x00000000e25ecb00,0x00000000eab00000)
 Metaspace       used 56382K, capacity 58919K, committed 59008K, reserved 1099776K
  class space    used 7890K, capacity 8542K, committed 8576K, reserved 1048576K
Event: 942.980 GC heap after
Heap after GC invocations=14 (full 3):
 PSYoungGen      total 147456K, used 0K [0x00000000f5580000, 0x00000000ffc80000, 0x0000000100000000)
  eden space 134144K, 0% used [0x00000000f5580000,0x00000000f5580000,0x00000000fd880000)
  from space 13312K, 0% used [0x00000000fdc00000,0x00000000fdc00000,0x00000000fe900000)
  to   space 18432K, 0% used [0x00000000fea80000,0x00000000fea80000,0x00000000ffc80000)
 ParOldGen       total 200192K, used 27935K [0x00000000e0000000, 0x00000000ec380000, 0x00000000f5580000)
  object space 200192K, 13% used [0x00000000e0000000,0x00000000e1b47ce8,0x00000000ec380000)
 Metaspace       used 53517K, capacity 55161K, committed 59008K, reserved 1099776K
  class space    used 7382K, capacity 7786K, committed 8576K, reserved 1048576K
}
Event: 2007.703 GC heap before
{Heap before GC invocations=15 (full 3):
 PSYoungGen      total 147456K, used 134144K [0x00000000f5580000, 0x00000000ffc80000, 0x0000000100000000)
  eden space 134144K, 100% used [0x00000000f5580000,0x00000000fd880000,0x00000000fd880000)
  from space 13312K, 0% used [0x00000000fdc00000,0x00000000fdc00000,0x00000000fe900000)
  to   space 18432K, 0% used [0x00000000fea80000,0x00000000fea80000,0x00000000ffc80000)
 ParOldGen       total 200192K, used 27935K [0x00000000e0000000, 0x00000000ec380000, 0x00000000f5580000)
  object space 200192K, 13% used [0x00000000e0000000,0x00000000e1b47ce8,0x00000000ec380000)
 Metaspace       used 59112K, capacity 61337K, committed 62336K, reserved 1103872K
  class space    used 8099K, capacity 8619K, committed 8832K, reserved 1048576K

