# JRE version: Java(TM) SE Runtime Environment (8.0_241-b07) (build 1.8.0_241-b07)
# Java VM: Java HotSpot(TM) 64-Bit Server VM (25.241-b07 mixed mode windows-amd64 compressed oops)
Heap:
 PSYoungGen      total 154112K, used 73823K [0x00000000f5580000, 0x0000000100000000, 0x0000000100000000)
  eden space 135168K, 51% used [0x00000000f5580000,0x00000000f99efff8,0x00000000fd980000)
  from space 18944K, 19% used [0x00000000fec80000,0x00000000ff027de8,0x00000000fff00000)
  to   space 19456K, 0% used [0x00000000fd980000,0x00000000fd980000,0x00000000fec80000)
 ParOldGen       total 199168K, used 37851K [0x00000000e0000000, 0x00000000ec280000, 0x00000000f5580000)
  object space 199168K, 19% used [0x00000000e0000000,0x00000000e24f6d40,0x00000000ec280000)
 Metaspace       used 74111K, capacity 76792K, committed 77144K, reserved 1116160K
  class space    used 9833K, capacity 10517K, committed 10624K, reserved 1048576K
GC Heap History (10 events):
Event: 4284.246 GC heap before
{Heap before GC invocations=23 (full 3):
 PSYoungGen      total 152576K, used 144381K [0x00000000f5580000, 0x0000000100000000, 0x0000000100000000)
  eden space 130560K, 100% used [0x00000000f5580000,0x00000000fd500000,0x00000000fd500000)
  from space 22016K, 62% used [0x00000000fd500000,0x00000000fe27f568,0x00000000fea80000)
  to   space 22016K, 0% used [0x00000000fea80000,0x00000000fea80000,0x0000000100000000)
 ParOldGen       total 199168K, used 25360K [0x00000000e0000000, 0x00000000ec280000, 0x00000000f5580000)
  object space 199168K, 12% used [0x00000000e0000000,0x00000000e18c4288,0x00000000ec280000)
 Metaspace       used 71281K, capacity 73808K, committed 73944K, reserved 1114112K
  class space    used 9574K, capacity 10222K, committed 10240K, reserved 1048576K
Event: 4284.263 GC heap after
Heap after GC invocations=23 (full 3):
 PSYoungGen      total 150528K, used 11112K [0x00000000f5580000, 0x00000000ffe00000, 0x0000000100000000)
  eden space 130560K, 0% used [0x00000000f5580000,0x00000000f5580000,0x00000000fd500000)
  from space 19968K, 55% used [0x00000000fea80000,0x00000000ff55a2d0,0x00000000ffe00000)
  to   space 20992K, 0% used [0x00000000fd500000,0x00000000fd500000,0x00000000fe980000)
 ParOldGen       total 199168K, used 28666K [0x00000000e0000000, 0x00000000ec280000, 0x00000000f5580000)
  object space 199168K, 14% used [0x00000000e0000000,0x00000000e1bfe920,0x00000000ec280000)
 Metaspace       used 71281K, capacity 73808K, committed 73944K, reserved 1114112K
  class space    used 9574K, capacity 10222K, committed 10240K, reserved 1048576K
}
Event: 4294.885 GC heap before
{Heap before GC invocations=24 (full 3):
 PSYoungGen      total 150528K, used 141672K [0x00000000f5580000, 0x00000000ffe00000, 0x0000000100000000)
  eden space 130560K, 100% used [0x00000000f5580000,0x00000000fd500000,0x00000000fd500000)
  from space 19968K, 55% used [0x00000000fea80000,0x00000000ff55a2d0,0x00000000ffe00000)
  to   space 20992K, 0% used [0x00000000fd500000,0x00000000fd500000,0x00000000fe980000)
 ParOldGen       total 199168K, used 28666K [0x00000000e0000000, 0x00000000ec280000, 0x00000000f5580000)
  object space 199168K, 14% used [0x00000000e0000000,0x00000000e1bfe920,0x00000000ec280000)
 Metaspace       used 71630K, capacity 74064K, committed 74200K, reserved 1114112K
  class space    used 9589K, capacity 10222K, committed 10240K, reserved 1048576K
Event: 4294.908 GC heap after
Heap after GC invocations=24 (full 3):
 PSYoungGen      total 151552K, used 6260K [0x00000000f5580000, 0x0000000100000000, 0x0000000100000000)
  eden space 130560K, 0% used [0x00000000f5580000,0x00000000f5580000,0x00000000fd500000)
  from space 20992K, 29% used [0x00000000fd500000,0x00000000fdb1d190,0x00000000fe980000)
  to   space 20992K, 0% used [0x00000000feb80000,0x00000000feb80000,0x0000000100000000)
 ParOldGen       total 199168K, used 32621K [0x00000000e0000000, 0x00000000ec280000, 0x00000000f5580000)
  object space 199168K, 16% used [0x00000000e0000000,0x00000000e1fdb5e8,0x00000000ec280000)
 Metaspace       used 71630K, capacity 74064K, committed 74200K, reserved 1114112K
  class space    used 9589K, capacity 10222K, committed 10240K, reserved 1048576K
}
Event: 4340.224 GC heap before
{Heap before GC invocations=25 (full 3):
 PSYoungGen      total 151552K, used 136820K [0x00000000f5580000, 0x0000000100000000, 0x0000000100000000)
  eden space 130560K, 100% used [0x00000000f5580000,0x00000000fd500000,0x00000000fd500000)
  from space 20992K, 29% used [0x00000000fd500000,0x00000000fdb1d190,0x00000000fe980000)
  to   space 20992K, 0% used [0x00000000feb80000,0x00000000feb80000,0x0000000100000000)
 ParOldGen       total 199168K, used 32621K [0x00000000e0000000, 0x00000000ec280000, 0x00000000f5580000)
  object space 199168K, 16% used [0x00000000e0000000,0x00000000e1fdb5e8,0x00000000ec280000)
 Metaspace       used 73968K, capacity 76722K, committed 76888K, reserved 1116160K
  class space    used 9832K, capacity 10516K, committed 10624K, reserved 1048576K
Event: 4340.237 GC heap after
Heap after GC invocations=25 (full 3):
 PSYoungGen      total 151552K, used 10103K [0x00000000f5580000, 0x00000000ffe00000, 0x0000000100000000)
  eden space 132608K, 0% used [0x00000000f5580000,0x00000000f5580000,0x00000000fd700000)
  from space 18944K, 53% used [0x00000000feb80000,0x00000000ff55dfc0,0x00000000ffe00000)
  to   space 19968K, 0% used [0x00000000fd700000,0x00000000fd700000,0x00000000fea80000)
 ParOldGen       total 199168K, used 32629K [0x00000000e0000000, 0x00000000ec280000, 0x00000000f5580000)
  object space 199168K, 16% used [0x00000000e0000000,0x00000000e1fdd5e8,0x00000000ec280000)
 Metaspace       used 73968K, capacity 76722K, committed 76888K, reserved 1116160K
  class space    used 9832K, capacity 10516K, committed 10624K, reserved 1048576K
}
Event: 4340.556 GC heap before
{Heap before GC invocations=26 (full 3):
 PSYoungGen      total 151552K, used 142711K [0x00000000f5580000, 0x00000000ffe00000, 0x0000000100000000)
  eden space 132608K, 100% used [0x00000000f5580000,0x00000000fd700000,0x00000000fd700000)
  from space 18944K, 53% used [0x00000000feb80000,0x00000000ff55dfc0,0x00000000ffe00000)
  to   space 19968K, 0% used [0x00000000fd700000,0x00000000fd700000,0x00000000fea80000)
 ParOldGen       total 199168K, used 32629K [0x00000000e0000000, 0x00000000ec280000, 0x00000000f5580000)
  object space 199168K, 16% used [0x00000000e0000000,0x00000000e1fdd5e8,0x00000000ec280000)
 Metaspace       used 73974K, capacity 76722K, committed 76888K, reserved 1116160K
  class space    used 9833K, capacity 10516K, committed 10624K, reserved 1048576K
Event: 4340.563 GC heap after
Heap after GC invocations=26 (full 3):
 PSYoungGen      total 152576K, used 9187K [0x00000000f5580000, 0x00000000fff00000, 0x0000000100000000)
  eden space 132608K, 0% used [0x00000000f5580000,0x00000000f5580000,0x00000000fd700000)
  from space 19968K, 46% used [0x00000000fd700000,0x00000000fdff8f68,0x00000000fea80000)
  to   space 18944K, 0% used [0x00000000fec80000,0x00000000fec80000,0x00000000fff00000)
 ParOldGen       total 199168K, used 32637K [0x00000000e0000000, 0x00000000ec280000, 0x00000000f5580000)
  object space 199168K, 16% used [0x00000000e0000000,0x00000000e1fdf5e8,0x00000000ec280000)
 Metaspace       used 73974K, capacity 76722K, committed 76888K, reserved 1116160K
  class space    used 9833K, capacity 10516K, committed 10624K, reserved 1048576K
}
Event: 4340.897 GC heap before
{Heap before GC invocations=27 (full 3):
 PSYoungGen      total 152576K, used 141795K [0x00000000f5580000, 0x00000000fff00000, 0x0000000100000000)
  eden space 132608K, 100% used [0x00000000f5580000,0x00000000fd700000,0x00000000fd700000)
  from space 19968K, 46% used [0x00000000fd700000,0x00000000fdff8f68,0x00000000fea80000)
  to   space 18944K, 0% used [0x00000000fec80000,0x00000000fec80000,0x00000000fff00000)
 ParOldGen       total 199168K, used 32637K [0x00000000e0000000, 0x00000000ec280000, 0x00000000f5580000)
  object space 199168K, 16% used [0x00000000e0000000,0x00000000e1fdf5e8,0x00000000ec280000)
 Metaspace       used 73974K, capacity 76722K, committed 76888K, reserved 1116160K
  class space    used 9833K, capacity 10516K, committed 10624K, reserved 1048576K
Event: 4340.906 GC heap after
Heap after GC invocations=27 (full 3):
 PSYoungGen      total 154112K, used 3743K [0x00000000f5580000, 0x0000000100000000, 0x0000000100000000)
  eden space 135168K, 0% used [0x00000000f5580000,0x00000000f5580000,0x00000000fd980000)
  from space 18944K, 19% used [0x00000000fec80000,0x00000000ff027de8,0x00000000fff00000)
  to   space 19456K, 0% used [0x00000000fd980000,0x00000000fd980000,0x00000000fec80000)
 ParOldGen       total 199168K, used 37851K [0x00000000e0000000, 0x00000000ec280000, 0x00000000f5580000)
  object space 199168K, 19% used [0x00000000e0000000,0x00000000e24f6d40,0x00000000ec280000)
 Metaspace       used 73974K, capacity 76722K, committed 76888K, reserved 1116160K
  class space    used 9833K, capacity 10516K, committed 10624K, reserved 1048576K
}

